  ITStaff.cpp
d:\cranfield work\requirements analysis and system design\simulator project\simulator\simulator\scheduler.h(16): error C2059: syntax error: 'using namespace'
d:\cranfield work\requirements analysis and system design\simulator project\simulator\simulator\scheduler.h(16): error C2238: unexpected token(s) preceding ';'
d:\cranfield work\requirements analysis and system design\simulator project\simulator\simulator\user.h(15): error C2059: syntax error: 'using namespace'
d:\cranfield work\requirements analysis and system design\simulator project\simulator\simulator\user.h(15): error C2238: unexpected token(s) preceding ';'
d:\cranfield work\requirements analysis and system design\simulator project\simulator\simulator\itstaff.cpp(3): error C3254: 'Node': class contains explicit override '{ctor}' but does not derive from an interface that contains the function declaration
d:\cranfield work\requirements analysis and system design\simulator project\simulator\simulator\itstaff.cpp(3): error C2838: '{ctor}': illegal qualified name in member declaration
d:\cranfield work\requirements analysis and system design\simulator project\simulator\simulator\node.h(13): fatal error C1075: '{': no matching token found
  JobQueue.cpp
  Main.cpp
d:\cranfield work\requirements analysis and system design\simulator project\simulator\simulator\scheduler.h(16): error C2059: syntax error: 'using namespace'
d:\cranfield work\requirements analysis and system design\simulator project\simulator\simulator\scheduler.h(16): error C2238: unexpected token(s) preceding ';'
d:\cranfield work\requirements analysis and system design\simulator project\simulator\simulator\user.h(15): error C2059: syntax error: 'using namespace'
d:\cranfield work\requirements analysis and system design\simulator project\simulator\simulator\user.h(15): error C2238: unexpected token(s) preceding ';'
d:\cranfield work\requirements analysis and system design\simulator project\simulator\simulator\usersgenerator.h(9): error C2059: syntax error: 'using namespace'
d:\cranfield work\requirements analysis and system design\simulator project\simulator\simulator\usersgenerator.h(9): error C2238: unexpected token(s) preceding ';'
d:\cranfield work\requirements analysis and system design\simulator project\simulator\simulator\test.h(9): error C2059: syntax error: 'using namespace'
d:\cranfield work\requirements analysis and system design\simulator project\simulator\simulator\test.h(9): error C2238: unexpected token(s) preceding ';'
d:\cranfield work\requirements analysis and system design\simulator project\simulator\simulator\main.cpp(34): error C2535: 'double Node::evaluatorOfScheduler(void)': member function already defined or declared
  d:\cranfield work\requirements analysis and system design\simulator project\simulator\simulator\main.cpp(16): note: see declaration of 'Node::evaluatorOfScheduler'
d:\cranfield work\requirements analysis and system design\simulator project\simulator\simulator\node.h(13): fatal error C1075: '{': no matching token found
  Node.cpp
d:\cranfield work\requirements analysis and system design\simulator project\simulator\simulator\node.cpp(4): error C2572: 'Node::Node': redefinition of default argument: parameter 1
  d:\cranfield work\requirements analysis and system design\simulator project\simulator\simulator\node.h(17): note: see declaration of 'Node::Node'
d:\cranfield work\requirements analysis and system design\simulator project\simulator\simulator\node.cpp(4): error C2572: 'Node::Node': redefinition of default argument: parameter 2
  d:\cranfield work\requirements analysis and system design\simulator project\simulator\simulator\node.h(17): note: see declaration of 'Node::Node'
d:\cranfield work\requirements analysis and system design\simulator project\simulator\simulator\node.cpp(4): error C2572: 'Node::Node': redefinition of default argument: parameter 3
  d:\cranfield work\requirements analysis and system design\simulator project\simulator\simulator\node.h(17): note: see declaration of 'Node::Node'
d:\cranfield work\requirements analysis and system design\simulator project\simulator\simulator\node.cpp(4): error C2535: 'Node::Node(int,int,int)': member function already defined or declared
  d:\cranfield work\requirements analysis and system design\simulator project\simulator\simulator\node.h(17): note: see declaration of 'Node::Node'
d:\cranfield work\requirements analysis and system design\simulator project\simulator\simulator\node.cpp(17): error C2535: 'void Node::useNodes(Matrix,int,int,int)': member function already defined or declared
  d:\cranfield work\requirements analysis and system design\simulator project\simulator\simulator\node.h(19): note: see declaration of 'Node::useNodes'
d:\cranfield work\requirements analysis and system design\simulator project\simulator\simulator\node.h(13): fatal error C1075: '{': no matching token found
  Researcher.cpp
d:\cranfield work\requirements analysis and system design\simulator project\simulator\simulator\scheduler.h(16): error C2059: syntax error: 'using namespace'
d:\cranfield work\requirements analysis and system design\simulator project\simulator\simulator\scheduler.h(16): error C2238: unexpected token(s) preceding ';'
d:\cranfield work\requirements analysis and system design\simulator project\simulator\simulator\user.h(15): error C2059: syntax error: 'using namespace'
d:\cranfield work\requirements analysis and system design\simulator project\simulator\simulator\user.h(15): error C2238: unexpected token(s) preceding ';'
d:\cranfield work\requirements analysis and system design\simulator project\simulator\simulator\researcher.cpp(3): error C3254: 'Node': class contains explicit override '{ctor}' but does not derive from an interface that contains the function declaration
d:\cranfield work\requirements analysis and system design\simulator project\simulator\simulator\researcher.cpp(3): error C2838: '{ctor}': illegal qualified name in member declaration
d:\cranfield work\requirements analysis and system design\simulator project\simulator\simulator\node.h(13): fatal error C1075: '{': no matching token found
  Scheduler.cpp
d:\cranfield work\requirements analysis and system design\simulator project\simulator\simulator\scheduler.h(16): error C2059: syntax error: 'using namespace'
d:\cranfield work\requirements analysis and system design\simulator project\simulator\simulator\scheduler.h(16): error C2238: unexpected token(s) preceding ';'
d:\cranfield work\requirements analysis and system design\simulator project\simulator\simulator\scheduler.cpp(4): error C3254: 'Node': class contains explicit override 'treatJobInQueue' but does not derive from an interface that contains the function declaration
d:\cranfield work\requirements analysis and system design\simulator project\simulator\simulator\scheduler.cpp(4): error C2838: 'treatJobInQueue': illegal qualified name in member declaration
d:\cranfield work\requirements analysis and system design\simulator project\simulator\simulator\node.h(13): fatal error C1075: '{': no matching token found
  Student.cpp
d:\cranfield work\requirements analysis and system design\simulator project\simulator\simulator\scheduler.h(16): error C2059: syntax error: 'using namespace'
d:\cranfield work\requirements analysis and system design\simulator project\simulator\simulator\scheduler.h(16): error C2238: unexpected token(s) preceding ';'
d:\cranfield work\requirements analysis and system design\simulator project\simulator\simulator\user.h(15): error C2059: syntax error: 'using namespace'
d:\cranfield work\requirements analysis and system design\simulator project\simulator\simulator\user.h(15): error C2238: unexpected token(s) preceding ';'
d:\cranfield work\requirements analysis and system design\simulator project\simulator\simulator\student.cpp(4): error C3254: 'Node': class contains explicit override '{ctor}' but does not derive from an interface that contains the function declaration
d:\cranfield work\requirements analysis and system design\simulator project\simulator\simulator\student.cpp(4): error C2838: '{ctor}': illegal qualified name in member declaration
d:\cranfield work\requirements analysis and system design\simulator project\simulator\simulator\node.h(13): fatal error C1075: '{': no matching token found
  User.cpp
d:\cranfield work\requirements analysis and system design\simulator project\simulator\simulator\scheduler.h(16): error C2059: syntax error: 'using namespace'
d:\cranfield work\requirements analysis and system design\simulator project\simulator\simulator\scheduler.h(16): error C2238: unexpected token(s) preceding ';'
d:\cranfield work\requirements analysis and system design\simulator project\simulator\simulator\user.h(15): error C2059: syntax error: 'using namespace'
d:\cranfield work\requirements analysis and system design\simulator project\simulator\simulator\user.h(15): error C2238: unexpected token(s) preceding ';'
d:\cranfield work\requirements analysis and system design\simulator project\simulator\simulator\user.cpp(4): error C3254: 'Node': class contains explicit override '{ctor}' but does not derive from an interface that contains the function declaration
d:\cranfield work\requirements analysis and system design\simulator project\simulator\simulator\user.cpp(4): error C2838: '{ctor}': illegal qualified name in member declaration
d:\cranfield work\requirements analysis and system design\simulator project\simulator\simulator\user.cpp(10): error C3254: 'Node': class contains explicit override 'getBudget' but does not derive from an interface that contains the function declaration
d:\cranfield work\requirements analysis and system design\simulator project\simulator\simulator\user.cpp(10): error C2838: 'getBudget': illegal qualified name in member declaration
d:\cranfield work\requirements analysis and system design\simulator project\simulator\simulator\user.cpp(14): error C3254: 'Node': class contains explicit override 'getId' but does not derive from an interface that contains the function declaration
d:\cranfield work\requirements analysis and system design\simulator project\simulator\simulator\user.cpp(14): error C2838: 'getId': illegal qualified name in member declaration
d:\cranfield work\requirements analysis and system design\simulator project\simulator\simulator\user.cpp(18): error C3254: 'Node': class contains explicit override 'spendBudget' but does not derive from an interface that contains the function declaration
d:\cranfield work\requirements analysis and system design\simulator project\simulator\simulator\user.cpp(18): error C2838: 'spendBudget': illegal qualified name in member declaration
d:\cranfield work\requirements analysis and system design\simulator project\simulator\simulator\user.cpp(22): error C3254: 'Node': class contains explicit override 'createJobAndSendTosendJobToJobQueue' but does not derive from an interface that contains the function declaration
d:\cranfield work\requirements analysis and system design\simulator project\simulator\simulator\user.cpp(22): error C2838: 'createJobAndSendTosendJobToJobQueue': illegal qualified name in member declaration
d:\cranfield work\requirements analysis and system design\simulator project\simulator\simulator\node.h(13): fatal error C1075: '{': no matching token found
  UsersGenerator.cpp
d:\cranfield work\requirements analysis and system design\simulator project\simulator\simulator\scheduler.h(16): error C2059: syntax error: 'using namespace'
d:\cranfield work\requirements analysis and system design\simulator project\simulator\simulator\scheduler.h(16): error C2238: unexpected token(s) preceding ';'
d:\cranfield work\requirements analysis and system design\simulator project\simulator\simulator\user.h(15): error C2059: syntax error: 'using namespace'
d:\cranfield work\requirements analysis and system design\simulator project\simulator\simulator\user.h(15): error C2238: unexpected token(s) preceding ';'
d:\cranfield work\requirements analysis and system design\simulator project\simulator\simulator\usersgenerator.cpp(4): error C3254: 'Node': class contains explicit override '{ctor}' but does not derive from an interface that contains the function declaration
d:\cranfield work\requirements analysis and system design\simulator project\simulator\simulator\usersgenerator.cpp(4): error C2838: '{ctor}': illegal qualified name in member declaration
d:\cranfield work\requirements analysis and system design\simulator project\simulator\simulator\usersgenerator.cpp(4): error C2535: 'Node::Node(int,int,int)': member function already defined or declared
  d:\cranfield work\requirements analysis and system design\simulator project\simulator\simulator\node.h(17): note: see declaration of 'Node::Node'
d:\cranfield work\requirements analysis and system design\simulator project\simulator\simulator\node.h(13): fatal error C1075: '{': no matching token found
  Generating Code...
d:\cranfield work\requirements analysis and system design\simulator project\simulator\simulator\jobqueue.cpp(18): error C4716: 'JobQueue::removeFromJobQueue': must return a value
